{
  "stats": {
    "suites": 1,
    "tests": 2,
    "passes": 2,
    "pending": 0,
    "failures": 0,
    "start": "2021-08-21T16:44:46.035Z",
    "end": "2021-08-21T16:44:52.694Z",
    "duration": 6659,
    "testsRegistered": 2,
    "passPercent": 100,
    "pendingPercent": 0,
    "other": 0,
    "hasOther": false,
    "skipped": 0,
    "hasSkipped": false
  },
  "results": [
    {
      "uuid": "c9c67a89-eeca-44f2-89fd-df7bed3fa1c6",
      "title": "",
      "fullFile": "cypress/integration/custom_examples/test_2.spec.js",
      "file": "cypress/integration/custom_examples/test_2.spec.js",
      "beforeHooks": [],
      "afterHooks": [],
      "tests": [],
      "suites": [
        {
          "uuid": "331aad83-6cc0-42bd-a32c-f53dc6923b60",
          "title": "suite number 2",
          "fullFile": "",
          "file": "",
          "beforeHooks": [],
          "afterHooks": [],
          "tests": [
            {
              "title": "suite2 test1",
              "fullTitle": "suite number 2 suite2 test1",
              "timedOut": null,
              "duration": 3471,
              "state": "passed",
              "speed": "slow",
              "pass": true,
              "fail": false,
              "pending": false,
              "context": null,
              "code": "cy.wait(Math.floor(Math.random() * 3000) + 1000);",
              "err": {},
              "uuid": "58009a79-eda7-4f61-a428-8637d36e225d",
              "parentUUID": "331aad83-6cc0-42bd-a32c-f53dc6923b60",
              "isHook": false,
              "skipped": false
            },
            {
              "title": "suite2 test2",
              "fullTitle": "suite number 2 suite2 test2",
              "timedOut": null,
              "duration": 3165,
              "state": "passed",
              "speed": "slow",
              "pass": true,
              "fail": false,
              "pending": false,
              "context": null,
              "code": "cy.wait(Math.floor(Math.random() * 3000) + 1000);",
              "err": {},
              "uuid": "c60c7b3c-ffa1-4771-afb8-77a69e3041d5",
              "parentUUID": "331aad83-6cc0-42bd-a32c-f53dc6923b60",
              "isHook": false,
              "skipped": false
            }
          ],
          "suites": [],
          "passes": [
            "58009a79-eda7-4f61-a428-8637d36e225d",
            "c60c7b3c-ffa1-4771-afb8-77a69e3041d5"
          ],
          "failures": [],
          "pending": [],
          "skipped": [],
          "duration": 6636,
          "root": false,
          "rootEmpty": false,
          "_timeout": 2000
        }
      ],
      "passes": [],
      "failures": [],
      "pending": [],
      "skipped": [],
      "duration": 0,
      "root": true,
      "rootEmpty": true,
      "_timeout": 2000
    }
  ],
  "meta": {
    "mocha": {
      "version": "7.0.1"
    },
    "mochawesome": {
      "options": {
        "quiet": false,
        "reportFilename": "mochawesome",
        "saveHtml": false,
        "saveJson": true,
        "consoleReporter": "spec",
        "useInlineDiffs": false,
        "code": true
      },
      "version": "6.2.2"
    },
    "marge": {
      "options": {
        "reportDir": "cypress/reports/testCaseResults",
        "overwrite": false,
        "html": false,
        "json": true
      },
      "version": "5.2.0"
    }
  }
}