{
  "stats": {
    "suites": 1,
    "tests": 2,
    "passes": 2,
    "pending": 0,
    "failures": 0,
    "start": "2021-08-21T16:44:42.978Z",
    "end": "2021-08-21T16:44:44.293Z",
    "duration": 1315,
    "testsRegistered": 2,
    "passPercent": 100,
    "pendingPercent": 0,
    "other": 0,
    "hasOther": false,
    "skipped": 0,
    "hasSkipped": false
  },
  "results": [
    {
      "uuid": "a7555b1a-4c24-42ec-a658-b8a413bf4fb4",
      "title": "",
      "fullFile": "cypress/integration/custom_examples/test_1.spec.js",
      "file": "cypress/integration/custom_examples/test_1.spec.js",
      "beforeHooks": [],
      "afterHooks": [],
      "tests": [],
      "suites": [
        {
          "uuid": "ae6383ce-59c9-4c47-8e08-766fb59b36bf",
          "title": "suite number 1",
          "fullFile": "",
          "file": "",
          "beforeHooks": [],
          "afterHooks": [],
          "tests": [
            {
              "title": "suite1 test1",
              "fullTitle": "suite number 1 suite1 test1",
              "timedOut": null,
              "duration": 1020,
              "state": "passed",
              "speed": "slow",
              "pass": true,
              "fail": false,
              "pending": false,
              "context": null,
              "code": "cy.wait(Math.floor(Math.random() * 1000) + 1);",
              "err": {},
              "uuid": "f866ad4a-1340-4277-afa0-1ba6718458a1",
              "parentUUID": "ae6383ce-59c9-4c47-8e08-766fb59b36bf",
              "isHook": false,
              "skipped": false
            },
            {
              "title": "suite1 test2",
              "fullTitle": "suite number 1 suite1 test2",
              "timedOut": null,
              "duration": 259,
              "state": "passed",
              "speed": "slow",
              "pass": true,
              "fail": false,
              "pending": false,
              "context": null,
              "code": "cy.wait(Math.floor(Math.random() * 1000) + 1);",
              "err": {},
              "uuid": "55b3ba9b-a650-4f89-98ba-d13822268096",
              "parentUUID": "ae6383ce-59c9-4c47-8e08-766fb59b36bf",
              "isHook": false,
              "skipped": false
            }
          ],
          "suites": [],
          "passes": [
            "f866ad4a-1340-4277-afa0-1ba6718458a1",
            "55b3ba9b-a650-4f89-98ba-d13822268096"
          ],
          "failures": [],
          "pending": [],
          "skipped": [],
          "duration": 1279,
          "root": false,
          "rootEmpty": false,
          "_timeout": 2000
        }
      ],
      "passes": [],
      "failures": [],
      "pending": [],
      "skipped": [],
      "duration": 0,
      "root": true,
      "rootEmpty": true,
      "_timeout": 2000
    }
  ],
  "meta": {
    "mocha": {
      "version": "7.0.1"
    },
    "mochawesome": {
      "options": {
        "quiet": false,
        "reportFilename": "mochawesome",
        "saveHtml": false,
        "saveJson": true,
        "consoleReporter": "spec",
        "useInlineDiffs": false,
        "code": true
      },
      "version": "6.2.2"
    },
    "marge": {
      "options": {
        "reportDir": "cypress/reports/testCaseResults",
        "overwrite": false,
        "html": false,
        "json": true
      },
      "version": "5.2.0"
    }
  }
}